c:\users\joeyj\onedrive\documents\visual studio 2015\projects\jrnn\jrnn\release\vc140.pdb
c:\users\joeyj\onedrive\documents\visual studio 2015\projects\jrnn\jrnn\release\test.obj
c:\users\joeyj\onedrive\documents\visual studio 2015\projects\jrnn\jrnn\release\savingtest.obj
c:\users\joeyj\onedrive\documents\visual studio 2015\projects\jrnn\jrnn\release\mnistdatatest.obj
c:\users\joeyj\onedrive\documents\visual studio 2015\projects\jrnn\jrnn\release\jrnn.obj
c:\users\joeyj\onedrive\documents\visual studio 2015\projects\jrnn\jrnn\release\jrnn.pch
c:\users\joeyj\onedrive\documents\visual studio 2015\projects\jrnn\jrnn\release\stdafx.obj
c:\users\joeyj\onedrive\documents\visual studio 2015\projects\jrnn\release\jrnn.lib
c:\users\joeyj\onedrive\documents\visual studio 2015\projects\jrnn\release\jrnn.exp
c:\users\joeyj\onedrive\documents\visual studio 2015\projects\jrnn\release\jrnn.exe
c:\users\joeyj\onedrive\documents\visual studio 2015\projects\jrnn\release\jrnn.pdb
c:\users\joeyj\onedrive\documents\visual studio 2015\projects\jrnn\jrnn\release\jrnn.pdb
c:\users\joeyj\onedrive\documents\visual studio 2015\projects\jrnn\jrnn\release\jrnn.tlog\cl.command.1.tlog
c:\users\joeyj\onedrive\documents\visual studio 2015\projects\jrnn\jrnn\release\jrnn.tlog\cl.read.1.tlog
c:\users\joeyj\onedrive\documents\visual studio 2015\projects\jrnn\jrnn\release\jrnn.tlog\cl.write.1.tlog
c:\users\joeyj\onedrive\documents\visual studio 2015\projects\jrnn\jrnn\release\jrnn.tlog\jrnn.write.1u.tlog
c:\users\joeyj\onedrive\documents\visual studio 2015\projects\jrnn\jrnn\release\jrnn.tlog\lib-link.read.1.tlog
c:\users\joeyj\onedrive\documents\visual studio 2015\projects\jrnn\jrnn\release\jrnn.tlog\lib-link.write.1.tlog
c:\users\joeyj\onedrive\documents\visual studio 2015\projects\jrnn\jrnn\release\jrnn.tlog\lib.command.1.tlog
c:\users\joeyj\onedrive\documents\visual studio 2015\projects\jrnn\jrnn\release\jrnn.tlog\link.command.1.tlog
c:\users\joeyj\onedrive\documents\visual studio 2015\projects\jrnn\jrnn\release\jrnn.tlog\link.read.1.tlog
c:\users\joeyj\onedrive\documents\visual studio 2015\projects\jrnn\jrnn\release\jrnn.tlog\link.write.1.tlog
