c:\users\joeyj\onedrive\documents\visual studio 2015\projects\jann\jann\debug\jann.pch
c:\users\joeyj\onedrive\documents\visual studio 2015\projects\jann\jann\debug\vc140.pdb
c:\users\joeyj\onedrive\documents\visual studio 2015\projects\jann\jann\debug\vc140.idb
c:\users\joeyj\onedrive\documents\visual studio 2015\projects\jann\jann\debug\stdafx.obj
c:\users\joeyj\onedrive\documents\visual studio 2015\projects\jann\jann\debug\iterativetrain.obj
c:\users\joeyj\onedrive\documents\visual studio 2015\projects\jann\jann\debug\source.obj
c:\users\joeyj\onedrive\documents\visual studio 2015\projects\jann\jann\debug\jann.obj
c:\users\joeyj\onedrive\documents\visual studio 2015\projects\jann\debug\jann.pdb
c:\users\joeyj\onedrive\documents\visual studio 2015\projects\jann\jann\debug\jann.tlog\cl.command.1.tlog
c:\users\joeyj\onedrive\documents\visual studio 2015\projects\jann\jann\debug\jann.tlog\cl.read.1.tlog
c:\users\joeyj\onedrive\documents\visual studio 2015\projects\jann\jann\debug\jann.tlog\cl.write.1.tlog
c:\users\joeyj\onedrive\documents\visual studio 2015\projects\jann\jann\debug\jann.tlog\link-cvtres.read.1.tlog
c:\users\joeyj\onedrive\documents\visual studio 2015\projects\jann\jann\debug\jann.tlog\link-cvtres.write.1.tlog
c:\users\joeyj\onedrive\documents\visual studio 2015\projects\jann\jann\debug\jann.tlog\link-rc.read.1.tlog
c:\users\joeyj\onedrive\documents\visual studio 2015\projects\jann\jann\debug\jann.tlog\link-rc.write.1.tlog
c:\users\joeyj\onedrive\documents\visual studio 2015\projects\jann\jann\debug\jann.tlog\link.1832-cvtres.read.1.tlog
c:\users\joeyj\onedrive\documents\visual studio 2015\projects\jann\jann\debug\jann.tlog\link.1832-cvtres.write.1.tlog
c:\users\joeyj\onedrive\documents\visual studio 2015\projects\jann\jann\debug\jann.tlog\link.1832-rc.read.1.tlog
c:\users\joeyj\onedrive\documents\visual studio 2015\projects\jann\jann\debug\jann.tlog\link.1832-rc.write.1.tlog
c:\users\joeyj\onedrive\documents\visual studio 2015\projects\jann\jann\debug\jann.tlog\link.1832.read.1.tlog
c:\users\joeyj\onedrive\documents\visual studio 2015\projects\jann\jann\debug\jann.tlog\link.1832.write.1.tlog
c:\users\joeyj\onedrive\documents\visual studio 2015\projects\jann\jann\debug\jann.tlog\link.command.1.tlog
c:\users\joeyj\onedrive\documents\visual studio 2015\projects\jann\jann\debug\jann.tlog\link.read.1.tlog
c:\users\joeyj\onedrive\documents\visual studio 2015\projects\jann\jann\debug\jann.tlog\link.write.1.tlog
