  CSVParseTrainer.cpp
C:\Users\joeyj\OneDrive\Documents\Visual Studio 2015\Projects\Matrix\Matrix\Matrices.h(345): warning C4018: '<': signed/unsigned mismatch
CSVParseTrainer.cpp(17): warning C4018: '<': signed/unsigned mismatch
CSVParseTrainer.cpp(29): warning C4018: '<': signed/unsigned mismatch
CSVParseTrainer.cpp(39): warning C4018: '<': signed/unsigned mismatch
  Generating code
c:\users\joeyj\onedrive\documents\visual studio 2015\projects\matrix\matrix\vector.cpp(187): warning C4711: function 'int __thiscall Vector::length(void)const ' selected for automatic inline expansion
c:\users\joeyj\onedrive\documents\visual studio 2015\projects\matrix\matrix\vector.cpp(226): warning C4711: function '__thiscall Vector::Vector(unsigned int)' selected for automatic inline expansion
c:\users\joeyj\onedrive\documents\visual studio 2015\projects\matrix\matrix\vector.cpp(228): warning C4711: function 'double & __thiscall Vector::operator[](int)' selected for automatic inline expansion
c:\users\joeyj\onedrive\documents\visual studio 2015\projects\matrix\matrix\matrix.cpp(470): warning C4710: 'class std::basic_ostream<char,struct std::char_traits<char> > & __thiscall std::basic_ostream<char,struct std::char_traits<char> >::operator<<(bool)': function not inlined
c:\users\joeyj\onedrive\documents\visual studio 2015\projects\matrix\matrix\matrix.cpp(470): warning C4710: 'class std::basic_ostream<char,struct std::char_traits<char> > & __cdecl std::operator<<<struct std::char_traits<char> >(class std::basic_ostream<char,struct std::char_traits<char> > &,char)': function not inlined
c:\users\joeyj\onedrive\documents\visual studio 2015\projects\matrix\matrix\matrix.cpp(474): warning C4710: 'class std::basic_ostream<char,struct std::char_traits<char> > & __thiscall std::basic_ostream<char,struct std::char_traits<char> >::operator<<(int)': function not inlined
c:\users\joeyj\onedrive\documents\visual studio 2015\projects\matrix\matrix\matrix.cpp(475): warning C4710: 'class std::basic_ostream<char,struct std::char_traits<char> > & __cdecl std::operator<<<struct std::char_traits<char> >(class std::basic_ostream<char,struct std::char_traits<char> > &,char)': function not inlined
c:\users\joeyj\onedrive\documents\visual studio 2015\projects\matrix\matrix\matrix.cpp(476): warning C4710: 'class std::basic_ostream<char,struct std::char_traits<char> > & __thiscall std::basic_ostream<char,struct std::char_traits<char> >::operator<<(int)': function not inlined
c:\users\joeyj\onedrive\documents\visual studio 2015\projects\matrix\matrix\matrix.cpp(477): warning C4710: 'class std::basic_ostream<char,struct std::char_traits<char> > & __cdecl std::operator<<<struct std::char_traits<char> >(class std::basic_ostream<char,struct std::char_traits<char> > &,char)': function not inlined
c:\users\joeyj\onedrive\documents\visual studio 2015\projects\matrix\matrix\matrix.cpp(478): warning C4710: 'class std::basic_ostream<char,struct std::char_traits<char> > & __thiscall std::basic_ostream<char,struct std::char_traits<char> >::operator<<(int)': function not inlined
c:\users\joeyj\onedrive\documents\visual studio 2015\projects\matrix\matrix\matrix.cpp(479): warning C4710: 'class std::basic_ostream<char,struct std::char_traits<char> > & __cdecl std::operator<<<struct std::char_traits<char> >(class std::basic_ostream<char,struct std::char_traits<char> > &,char)': function not inlined
c:\users\joeyj\onedrive\documents\visual studio 2015\projects\matrix\matrix\matrix.cpp(483): warning C4710: 'class std::basic_ostream<char,struct std::char_traits<char> > & __thiscall std::basic_ostream<char,struct std::char_traits<char> >::operator<<(double)': function not inlined
c:\users\joeyj\onedrive\documents\visual studio 2015\projects\matrix\matrix\matrix.cpp(483): warning C4710: 'class std::basic_ostream<char,struct std::char_traits<char> > & __cdecl std::operator<<<struct std::char_traits<char> >(class std::basic_ostream<char,struct std::char_traits<char> > &,char)': function not inlined
c:\users\joeyj\onedrive\documents\visual studio 2015\projects\matrix\matrix\matrix.cpp(481): warning C4711: function 'int __thiscall Matrix::length(void)const ' selected for automatic inline expansion
c:\users\joeyj\onedrive\documents\visual studio 2015\projects\matrix\matrix\matrix.cpp(482): warning C4711: function 'int __thiscall Matrix::width(void)const ' selected for automatic inline expansion
c:\users\joeyj\onedrive\documents\visual studio 2015\projects\matrix\matrix\vector.cpp(308): warning C4710: 'class std::basic_ostream<char,struct std::char_traits<char> > & __thiscall std::basic_ostream<char,struct std::char_traits<char> >::operator<<(bool)': function not inlined
c:\users\joeyj\onedrive\documents\visual studio 2015\projects\matrix\matrix\vector.cpp(308): warning C4710: 'class std::basic_ostream<char,struct std::char_traits<char> > & __cdecl std::operator<<<struct std::char_traits<char> >(class std::basic_ostream<char,struct std::char_traits<char> > &,char)': function not inlined
c:\users\joeyj\onedrive\documents\visual studio 2015\projects\matrix\matrix\vector.cpp(310): warning C4710: 'class std::basic_ostream<char,struct std::char_traits<char> > & __cdecl std::operator<<<struct std::char_traits<char> >(class std::basic_ostream<char,struct std::char_traits<char> > &,char const *)': function not inlined
c:\users\joeyj\onedrive\documents\visual studio 2015\projects\matrix\matrix\vector.cpp(313): warning C4710: 'class std::basic_ostream<char,struct std::char_traits<char> > & __thiscall std::basic_ostream<char,struct std::char_traits<char> >::operator<<(int)': function not inlined
c:\users\joeyj\onedrive\documents\visual studio 2015\projects\matrix\matrix\vector.cpp(313): warning C4710: 'class std::basic_ostream<char,struct std::char_traits<char> > & __cdecl std::operator<<<struct std::char_traits<char> >(class std::basic_ostream<char,struct std::char_traits<char> > &,char)': function not inlined
c:\users\joeyj\onedrive\documents\visual studio 2015\projects\matrix\matrix\vector.cpp(315): warning C4710: 'class std::basic_ostream<char,struct std::char_traits<char> > & __thiscall std::basic_ostream<char,struct std::char_traits<char> >::operator<<(double)': function not inlined
c:\users\joeyj\onedrive\documents\visual studio 2015\projects\matrix\matrix\vector.cpp(315): warning C4710: 'class std::basic_ostream<char,struct std::char_traits<char> > & __cdecl std::operator<<<struct std::char_traits<char> >(class std::basic_ostream<char,struct std::char_traits<char> > &,char)': function not inlined
c:\users\joeyj\onedrive\documents\visual studio 2015\projects\matrix\matrix\vector.cpp(310): warning C4710: 'class std::basic_ostream<char,struct std::char_traits<char> > & __thiscall std::basic_ostream<char,struct std::char_traits<char> >::operator<<(class std::basic_ostream<char,struct std::char_traits<char> > & (__cdecl*)(class std::basic_ostream<char,struct std::char_traits<char> > &))': function not inlined
c:\users\joeyj\onedrive\documents\visual studio 2015\projects\matrix\matrix\vector.cpp(73): warning C4711: function 'int __thiscall Vector::length(void)const ' selected for automatic inline expansion
c:\users\joeyj\onedrive\documents\visual studio 2015\projects\matrix\matrix\matrix.cpp(117): warning C4710: 'void __thiscall Matrix::chkBounds(int,int)const ': function not inlined
c:\users\joeyj\onedrive\documents\visual studio 2015\projects\matrix\matrix\matrix.cpp(296): warning C4710: 'void __thiscall Matrix::chkBounds(class Matrix const &)const ': function not inlined
c:\users\joeyj\onedrive\documents\visual studio 2015\projects\matrix\matrix\matrix.cpp(298): warning C4711: function 'int __thiscall Matrix::length(void)const ' selected for automatic inline expansion
c:\users\joeyj\onedrive\documents\visual studio 2015\projects\matrix\matrix\matrix.cpp(299): warning C4711: function 'int __thiscall Matrix::width(void)const ' selected for automatic inline expansion
c:\users\joeyj\onedrive\documents\visual studio 2015\projects\matrix\matrix\vector.cpp(320): warning C4710: 'void __thiscall Vector::chkBounds(int)const ': function not inlined
c:\users\joeyj\onedrive\documents\visual studio 2015\projects\matrix\matrix\vector.cpp(57): warning C4710: 'void __thiscall Vector::chkBounds(int)const ': function not inlined
c:\users\joeyj\onedrive\documents\visual studio 2015\projects\matrix\matrix\vector.cpp(160): warning C4710: 'void __thiscall Vector::chkBounds(class Vector const &)const ': function not inlined
c:\users\joeyj\onedrive\documents\visual studio 2015\projects\matrix\matrix\vector.cpp(162): warning C4711: function 'int __thiscall Vector::length(void)const ' selected for automatic inline expansion
  Finished generating code
  jANN.vcxproj -> C:\Users\joeyj\OneDrive\Documents\Visual Studio 2015\Projects\jANN\Release\jANN.exe
  jANN.vcxproj -> C:\Users\joeyj\OneDrive\Documents\Visual Studio 2015\Projects\jANN\Release\jANN.pdb (Full PDB)
