c:\users\joeyj\onedrive\documents\visual studio 2015\projects\jas_matrices\jas_matrices\x64\release\vc140.pdb
c:\users\joeyj\onedrive\documents\visual studio 2015\projects\jas_matrices\jas_matrices\x64\release\matrix_operations.obj
c:\users\joeyj\onedrive\documents\visual studio 2015\projects\jas_matrices\jas_matrices\x64\release\matrix.obj
c:\users\joeyj\onedrive\documents\visual studio 2015\projects\jas_matrices\jas_matrices\x64\release\main.obj
c:\users\joeyj\onedrive\documents\visual studio 2015\projects\jas_matrices\jas_matrices\x64\release\jas_matrices.pdb
c:\users\joeyj\onedrive\documents\visual studio 2015\projects\jas_matrices\jas_matrices\x64\release\vector.obj
c:\users\joeyj\onedrive\documents\visual studio 2015\projects\jas_matrices\x64\release\jas_matrices.lib
c:\users\joeyj\onedrive\documents\visual studio 2015\projects\jas_matrices\x64\release\jas_matrices.exe
c:\users\joeyj\onedrive\documents\visual studio 2015\projects\jas_matrices\x64\release\jas_matrices.ipdb
c:\users\joeyj\onedrive\documents\visual studio 2015\projects\jas_matrices\x64\release\jas_matrices.iobj
c:\users\joeyj\onedrive\documents\visual studio 2015\projects\jas_matrices\x64\release\jas_matrices.pdb
c:\users\joeyj\onedrive\documents\visual studio 2015\projects\jas_matrices\jas_matrices\x64\release\jas_matrices.tlog\cl.command.1.tlog
c:\users\joeyj\onedrive\documents\visual studio 2015\projects\jas_matrices\jas_matrices\x64\release\jas_matrices.tlog\cl.read.1.tlog
c:\users\joeyj\onedrive\documents\visual studio 2015\projects\jas_matrices\jas_matrices\x64\release\jas_matrices.tlog\cl.write.1.tlog
c:\users\joeyj\onedrive\documents\visual studio 2015\projects\jas_matrices\jas_matrices\x64\release\jas_matrices.tlog\lib-link.read.1.tlog
c:\users\joeyj\onedrive\documents\visual studio 2015\projects\jas_matrices\jas_matrices\x64\release\jas_matrices.tlog\lib-link.write.1.tlog
c:\users\joeyj\onedrive\documents\visual studio 2015\projects\jas_matrices\jas_matrices\x64\release\jas_matrices.tlog\lib.command.1.tlog
c:\users\joeyj\onedrive\documents\visual studio 2015\projects\jas_matrices\jas_matrices\x64\release\jas_matrices.tlog\link.command.1.tlog
c:\users\joeyj\onedrive\documents\visual studio 2015\projects\jas_matrices\jas_matrices\x64\release\jas_matrices.tlog\link.read.1.tlog
c:\users\joeyj\onedrive\documents\visual studio 2015\projects\jas_matrices\jas_matrices\x64\release\jas_matrices.tlog\link.write.1.tlog
