  drTest.cpp
C:\Users\joeyj\OneDrive\Documents\Visual Studio 2015\Projects\Matrix\Matrix\Matrices.h(346): warning C4018: '<': signed/unsigned mismatch
drTest.cpp(41): warning C4018: '<': signed/unsigned mismatch
  Generating code
c:\users\joeyj\onedrive\documents\visual studio 2015\projects\matrix\matrix\vector.cpp(278): warning C4711: function 'double & __thiscall Vector::operator[](int)' selected for automatic inline expansion
c:\users\joeyj\onedrive\documents\visual studio 2015\projects\matrix\matrix\vector.cpp(187): warning C4711: function 'int __thiscall Vector::length(void)const ' selected for automatic inline expansion
c:\users\joeyj\onedrive\documents\visual studio 2015\projects\matrix\matrix\vector.cpp(226): warning C4711: function '__thiscall Vector::Vector(unsigned int)' selected for automatic inline expansion
c:\users\joeyj\onedrive\documents\visual studio 2015\projects\matrix\matrix\vector.cpp(228): warning C4711: function 'double & __thiscall Vector::operator[](int)' selected for automatic inline expansion
c:\users\joeyj\onedrive\documents\visual studio 2015\projects\matrix\matrix\vector.cpp(73): warning C4711: function 'int __thiscall Vector::length(void)const ' selected for automatic inline expansion
c:\users\joeyj\onedrive\documents\visual studio 2015\projects\matrix\matrix\vector.cpp(320): warning C4710: 'void __thiscall Vector::chkBounds(int)const ': function not inlined
c:\users\joeyj\onedrive\documents\visual studio 2015\projects\matrix\matrix\vector.cpp(57): warning C4710: 'void __thiscall Vector::chkBounds(int)const ': function not inlined
c:\users\joeyj\onedrive\documents\visual studio 2015\projects\matrix\matrix\vector.cpp(178): warning C4710: 'void __thiscall Vector::chkBounds(class Vector const &)const ': function not inlined
c:\users\joeyj\onedrive\documents\visual studio 2015\projects\matrix\matrix\vector.cpp(180): warning C4711: function 'int __thiscall Vector::length(void)const ' selected for automatic inline expansion
c:\users\joeyj\onedrive\documents\visual studio 2015\projects\matrix\matrix\vector.cpp(160): warning C4710: 'void __thiscall Vector::chkBounds(class Vector const &)const ': function not inlined
c:\users\joeyj\onedrive\documents\visual studio 2015\projects\matrix\matrix\vector.cpp(162): warning C4711: function 'int __thiscall Vector::length(void)const ' selected for automatic inline expansion
c:\users\joeyj\onedrive\documents\visual studio 2015\projects\matrix\matrix\vector.cpp(143): warning C4711: function '__thiscall Vector::Vector(unsigned int)' selected for automatic inline expansion
c:\users\joeyj\onedrive\documents\visual studio 2015\projects\matrix\matrix\vector.cpp(145): warning C4711: function 'double & __thiscall Vector::operator[](int)' selected for automatic inline expansion
c:\users\joeyj\onedrive\documents\visual studio 2015\projects\matrix\matrix\vector.cpp(133): warning C4711: function '__thiscall Vector::Vector(unsigned int)' selected for automatic inline expansion
c:\users\joeyj\onedrive\documents\visual studio 2015\projects\matrix\matrix\vector.cpp(135): warning C4711: function 'double & __thiscall Vector::operator[](int)' selected for automatic inline expansion
c:\users\joeyj\onedrive\documents\visual studio 2015\projects\matrix\matrix\vector.cpp(123): warning C4711: function '__thiscall Vector::Vector(unsigned int)' selected for automatic inline expansion
c:\users\joeyj\onedrive\documents\visual studio 2015\projects\matrix\matrix\vector.cpp(125): warning C4711: function 'double & __thiscall Vector::operator[](int)' selected for automatic inline expansion
c:\users\joeyj\onedrive\documents\visual studio 2015\projects\matrix\matrix\matrix.cpp(112): warning C4710: 'void __thiscall Matrix::chkBounds(int,int)const ': function not inlined
c:\users\joeyj\onedrive\documents\visual studio 2015\projects\matrix\matrix\matrix.cpp(297): warning C4710: 'void __thiscall Matrix::chkBounds(class Matrix const &)const ': function not inlined
c:\users\joeyj\onedrive\documents\visual studio 2015\projects\matrix\matrix\matrix.cpp(299): warning C4711: function 'int __thiscall Matrix::length(void)const ' selected for automatic inline expansion
c:\users\joeyj\onedrive\documents\visual studio 2015\projects\matrix\matrix\matrix.cpp(300): warning C4711: function 'int __thiscall Matrix::width(void)const ' selected for automatic inline expansion
c:\users\joeyj\onedrive\documents\visual studio 2015\projects\matrix\matrix\matrix.cpp(286): warning C4710: 'void __thiscall Matrix::chkBounds(class Matrix const &)const ': function not inlined
c:\users\joeyj\onedrive\documents\visual studio 2015\projects\matrix\matrix\matrix.cpp(288): warning C4711: function 'int __thiscall Matrix::length(void)const ' selected for automatic inline expansion
c:\users\joeyj\onedrive\documents\visual studio 2015\projects\matrix\matrix\matrix.cpp(289): warning C4711: function 'int __thiscall Matrix::width(void)const ' selected for automatic inline expansion
c:\users\joeyj\onedrive\documents\visual studio 2015\projects\matrix\matrix\matrix.cpp(370): warning C4711: function 'int __thiscall Matrix::length(void)const ' selected for automatic inline expansion
c:\users\joeyj\onedrive\documents\visual studio 2015\projects\matrix\matrix\matrix.cpp(370): warning C4711: function 'int __thiscall Matrix::width(void)const ' selected for automatic inline expansion
c:\users\joeyj\onedrive\documents\visual studio 2015\projects\matrix\matrix\matrix.cpp(370): warning C4711: function '__thiscall Matrix::Matrix(unsigned int,unsigned int)' selected for automatic inline expansion
c:\users\joeyj\onedrive\documents\visual studio 2015\projects\matrix\matrix\matrix.cpp(372): warning C4711: function 'int __thiscall Matrix::length(void)const ' selected for automatic inline expansion
c:\users\joeyj\onedrive\documents\visual studio 2015\projects\matrix\matrix\matrix.cpp(373): warning C4711: function 'int __thiscall Matrix::width(void)const ' selected for automatic inline expansion
c:\users\joeyj\onedrive\documents\visual studio 2015\projects\matrix\matrix\matrix.cpp(206): warning C4711: function '__thiscall Matrix::Matrix(unsigned int,unsigned int)' selected for automatic inline expansion
  Finished generating code
  GateNetwork.vcxproj -> C:\Users\joeyj\OneDrive\Documents\Visual Studio 2015\Projects\GateNetwork\Release\GateNetwork.exe
  GateNetwork.vcxproj -> C:\Users\joeyj\OneDrive\Documents\Visual Studio 2015\Projects\GateNetwork\Release\GateNetwork.pdb (Full PDB)
